<?xml version="1.0" encoding="UTF-8"?>
<!-- Generated by org.testng.reporters.JUnitXMLReporter -->
<testsuite ignored="0" hostname="DESKTOP-FP5DTCA" failures="0" tests="3" name="Default test" time="0.081" errors="0" timestamp="2022-02-08T17:32:32 IST">
  <testcase classname="testingproject.Delta" name="testC" time="0.008"/>
  <testcase classname="testingproject.Delta" name="testA" time="0.002"/>
  <testcase classname="testingproject.Delta" name="testB" time="0.002"/>
</testsuite> <!-- Default test -->
